<?xml version="1.0" encoding="UTF-8"?>
<robot generator="Robot 6.1.1 (Python 3.10.15 on linux)" generated="20241115 13:21:18.948" rpa="false" schemaversion="4">
<suite id="s1" name="Tests" source="/home/madlehti/palautusrepositorio/viikko3/web-login/src/tests">
<suite id="s1-s1" name="Home" source="/home/madlehti/palautusrepositorio/viikko3/web-login/src/tests/home.robot">
<kw name="Open And Configure Browser" library="resource" type="SETUP">
<if>
<branch type="IF" condition="$BROWSER == 'chrome'">
<kw name="Evaluate" library="BuiltIn">
<var>${options}</var>
<arg>sys.modules['selenium.webdriver'].ChromeOptions()</arg>
<arg>sys</arg>
<doc>Evaluates the given expression in Python and returns the result.</doc>
<msg timestamp="20241115 13:21:19.102" level="INFO">${options} = &lt;selenium.webdriver.chrome.options.Options object at 0x7eff340d8f70&gt;</msg>
<status status="PASS" starttime="20241115 13:21:19.101" endtime="20241115 13:21:19.102"/>
</kw>
<status status="PASS" starttime="20241115 13:21:19.090" endtime="20241115 13:21:19.102"/>
</branch>
<branch type="ELSE IF" condition="$BROWSER == 'firefox'">
<kw name="Evaluate" library="BuiltIn">
<var>${options}</var>
<arg>sys.modules['selenium.webdriver'].FirefoxOptions()</arg>
<arg>sys</arg>
<doc>Evaluates the given expression in Python and returns the result.</doc>
<status status="NOT RUN" starttime="20241115 13:21:19.102" endtime="20241115 13:21:19.102"/>
</kw>
<status status="NOT RUN" starttime="20241115 13:21:19.102" endtime="20241115 13:21:19.102"/>
</branch>
<status status="PASS" starttime="20241115 13:21:19.090" endtime="20241115 13:21:19.102"/>
</if>
<if>
<branch type="IF" condition="$HEADLESS == 'true'">
<kw name="Set Selenium Speed" library="SeleniumLibrary">
<arg>0</arg>
<doc>Sets the delay that is waited after each Selenium command.</doc>
<status status="NOT RUN" starttime="20241115 13:21:19.102" endtime="20241115 13:21:19.102"/>
</kw>
<kw name="Call Method" library="BuiltIn">
<arg>${options}</arg>
<arg>add_argument</arg>
<arg>--headless</arg>
<doc>Calls the named method of the given object with the provided arguments.</doc>
<status status="NOT RUN" starttime="20241115 13:21:19.102" endtime="20241115 13:21:19.102"/>
</kw>
<status status="NOT RUN" starttime="20241115 13:21:19.102" endtime="20241115 13:21:19.102"/>
</branch>
<branch type="ELSE">
<kw name="Set Selenium Speed" library="SeleniumLibrary">
<arg>${DELAY}</arg>
<doc>Sets the delay that is waited after each Selenium command.</doc>
<status status="PASS" starttime="20241115 13:21:19.102" endtime="20241115 13:21:19.103"/>
</kw>
<status status="PASS" starttime="20241115 13:21:19.102" endtime="20241115 13:21:19.103"/>
</branch>
<status status="PASS" starttime="20241115 13:21:19.102" endtime="20241115 13:21:19.103"/>
</if>
<kw name="Open Browser" library="SeleniumLibrary">
<arg>browser=${BROWSER}</arg>
<arg>options=${options}</arg>
<doc>Opens a new browser instance to the optional ``url``.</doc>
<msg timestamp="20241115 13:21:19.103" level="INFO">Opening browser 'chrome' to base url 'None'.</msg>
<msg timestamp="20241115 13:21:19.131" level="WARN">The chromedriver version (130.0.6723.91) detected in PATH at /usr/bin/chromedriver might not be compatible with the detected chrome version (131.0.6778.69); currently, chromedriver 131.0.6778.69 is recommended for chrome 131.*, so it is advised to delete the driver in PATH and retry</msg>
<status status="PASS" starttime="20241115 13:21:19.103" endtime="20241115 13:21:19.386"/>
</kw>
<status status="PASS" starttime="20241115 13:21:19.090" endtime="20241115 13:21:19.387"/>
</kw>
<test id="s1-s1-t1" name="Click Login Link" line="8">
<kw name="Reset Application And Go To Starting Page" type="SETUP">
<kw name="Reset Application" library="AppLibrary">
<status status="PASS" starttime="20241115 13:21:19.387" endtime="20241115 13:21:19.392"/>
</kw>
<kw name="Go To Starting Page" library="resource">
<kw name="Go To" library="SeleniumLibrary">
<arg>${HOME_URL}</arg>
<doc>Navigates the current browser window to the provided ``url``.</doc>
<msg timestamp="20241115 13:21:19.393" level="INFO">Opening url 'http://localhost:5001'</msg>
<status status="PASS" starttime="20241115 13:21:19.393" endtime="20241115 13:21:19.945"/>
</kw>
<status status="PASS" starttime="20241115 13:21:19.393" endtime="20241115 13:21:19.945"/>
</kw>
<status status="PASS" starttime="20241115 13:21:19.387" endtime="20241115 13:21:19.945"/>
</kw>
<kw name="Click Link" library="SeleniumLibrary">
<arg>Login</arg>
<doc>Clicks a link identified by ``locator``.</doc>
<msg timestamp="20241115 13:21:19.947" level="INFO">Clicking link 'Login'.</msg>
<status status="PASS" starttime="20241115 13:21:19.946" endtime="20241115 13:21:21.549"/>
</kw>
<kw name="Login Page Should Be Open" library="resource">
<kw name="Title Should Be" library="SeleniumLibrary">
<arg>Login</arg>
<doc>Verifies that the current page title equals ``title``.</doc>
<msg timestamp="20241115 13:21:22.062" level="INFO">Page title is 'Login'.</msg>
<status status="PASS" starttime="20241115 13:21:21.550" endtime="20241115 13:21:22.062"/>
</kw>
<status status="PASS" starttime="20241115 13:21:21.549" endtime="20241115 13:21:22.062"/>
</kw>
<status status="PASS" starttime="20241115 13:21:19.387" endtime="20241115 13:21:22.063"/>
</test>
<test id="s1-s1-t2" name="Click Register Link" line="12">
<kw name="Reset Application And Go To Starting Page" type="SETUP">
<kw name="Reset Application" library="AppLibrary">
<status status="PASS" starttime="20241115 13:21:22.065" endtime="20241115 13:21:22.069"/>
</kw>
<kw name="Go To Starting Page" library="resource">
<kw name="Go To" library="SeleniumLibrary">
<arg>${HOME_URL}</arg>
<doc>Navigates the current browser window to the provided ``url``.</doc>
<msg timestamp="20241115 13:21:22.070" level="INFO">Opening url 'http://localhost:5001'</msg>
<status status="PASS" starttime="20241115 13:21:22.069" endtime="20241115 13:21:22.593"/>
</kw>
<status status="PASS" starttime="20241115 13:21:22.069" endtime="20241115 13:21:22.593"/>
</kw>
<status status="PASS" starttime="20241115 13:21:22.064" endtime="20241115 13:21:22.593"/>
</kw>
<kw name="Click Link" library="SeleniumLibrary">
<arg>Register new user</arg>
<doc>Clicks a link identified by ``locator``.</doc>
<msg timestamp="20241115 13:21:22.594" level="INFO">Clicking link 'Register new user'.</msg>
<status status="PASS" starttime="20241115 13:21:22.593" endtime="20241115 13:21:24.159"/>
</kw>
<kw name="Register Page Should Be Open" library="resource">
<kw name="Title Should Be" library="SeleniumLibrary">
<arg>Register</arg>
<doc>Verifies that the current page title equals ``title``.</doc>
<msg timestamp="20241115 13:21:24.670" level="INFO">Page title is 'Register'.</msg>
<status status="PASS" starttime="20241115 13:21:24.160" endtime="20241115 13:21:24.670"/>
</kw>
<status status="PASS" starttime="20241115 13:21:24.159" endtime="20241115 13:21:24.670"/>
</kw>
<status status="PASS" starttime="20241115 13:21:22.063" endtime="20241115 13:21:24.670"/>
</test>
<kw name="Close Browser" library="SeleniumLibrary" type="TEARDOWN">
<doc>Closes the current browser.</doc>
<status status="PASS" starttime="20241115 13:21:24.672" endtime="20241115 13:21:25.232"/>
</kw>
<status status="PASS" starttime="20241115 13:21:18.962" endtime="20241115 13:21:25.233"/>
</suite>
<suite id="s1-s2" name="Login" source="/home/madlehti/palautusrepositorio/viikko3/web-login/src/tests/login.robot">
<kw name="Open And Configure Browser" library="resource" type="SETUP">
<if>
<branch type="IF" condition="$BROWSER == 'chrome'">
<kw name="Evaluate" library="BuiltIn">
<var>${options}</var>
<arg>sys.modules['selenium.webdriver'].ChromeOptions()</arg>
<arg>sys</arg>
<doc>Evaluates the given expression in Python and returns the result.</doc>
<msg timestamp="20241115 13:21:25.239" level="INFO">${options} = &lt;selenium.webdriver.chrome.options.Options object at 0x7eff33ad57b0&gt;</msg>
<status status="PASS" starttime="20241115 13:21:25.239" endtime="20241115 13:21:25.239"/>
</kw>
<status status="PASS" starttime="20241115 13:21:25.239" endtime="20241115 13:21:25.239"/>
</branch>
<branch type="ELSE IF" condition="$BROWSER == 'firefox'">
<kw name="Evaluate" library="BuiltIn">
<var>${options}</var>
<arg>sys.modules['selenium.webdriver'].FirefoxOptions()</arg>
<arg>sys</arg>
<doc>Evaluates the given expression in Python and returns the result.</doc>
<status status="NOT RUN" starttime="20241115 13:21:25.239" endtime="20241115 13:21:25.239"/>
</kw>
<status status="NOT RUN" starttime="20241115 13:21:25.239" endtime="20241115 13:21:25.240"/>
</branch>
<status status="PASS" starttime="20241115 13:21:25.239" endtime="20241115 13:21:25.240"/>
</if>
<if>
<branch type="IF" condition="$HEADLESS == 'true'">
<kw name="Set Selenium Speed" library="SeleniumLibrary">
<arg>0</arg>
<doc>Sets the delay that is waited after each Selenium command.</doc>
<status status="NOT RUN" starttime="20241115 13:21:25.240" endtime="20241115 13:21:25.240"/>
</kw>
<kw name="Call Method" library="BuiltIn">
<arg>${options}</arg>
<arg>add_argument</arg>
<arg>--headless</arg>
<doc>Calls the named method of the given object with the provided arguments.</doc>
<status status="NOT RUN" starttime="20241115 13:21:25.240" endtime="20241115 13:21:25.240"/>
</kw>
<status status="NOT RUN" starttime="20241115 13:21:25.240" endtime="20241115 13:21:25.240"/>
</branch>
<branch type="ELSE">
<kw name="Set Selenium Speed" library="SeleniumLibrary">
<arg>${DELAY}</arg>
<doc>Sets the delay that is waited after each Selenium command.</doc>
<status status="PASS" starttime="20241115 13:21:25.240" endtime="20241115 13:21:25.240"/>
</kw>
<status status="PASS" starttime="20241115 13:21:25.240" endtime="20241115 13:21:25.240"/>
</branch>
<status status="PASS" starttime="20241115 13:21:25.240" endtime="20241115 13:21:25.240"/>
</if>
<kw name="Open Browser" library="SeleniumLibrary">
<arg>browser=${BROWSER}</arg>
<arg>options=${options}</arg>
<doc>Opens a new browser instance to the optional ``url``.</doc>
<msg timestamp="20241115 13:21:25.241" level="INFO">Opening browser 'chrome' to base url 'None'.</msg>
<msg timestamp="20241115 13:21:25.287" level="WARN">The chromedriver version (130.0.6723.91) detected in PATH at /usr/bin/chromedriver might not be compatible with the detected chrome version (131.0.6778.69); currently, chromedriver 131.0.6778.69 is recommended for chrome 131.*, so it is advised to delete the driver in PATH and retry</msg>
<status status="PASS" starttime="20241115 13:21:25.240" endtime="20241115 13:21:25.574"/>
</kw>
<status status="PASS" starttime="20241115 13:21:25.239" endtime="20241115 13:21:25.575"/>
</kw>
<test id="s1-s2-t1" name="Login With Correct Credentials" line="8">
<kw name="Reset Application Create User And Go To Login Page" type="SETUP">
<kw name="Reset Application" library="AppLibrary">
<status status="PASS" starttime="20241115 13:21:25.576" endtime="20241115 13:21:25.579"/>
</kw>
<kw name="Create User" library="AppLibrary">
<arg>kalle</arg>
<arg>kalle123</arg>
<status status="PASS" starttime="20241115 13:21:25.579" endtime="20241115 13:21:25.587"/>
</kw>
<kw name="Go To Login Page" library="resource">
<kw name="Go To" library="SeleniumLibrary">
<arg>${LOGIN_URL}</arg>
<doc>Navigates the current browser window to the provided ``url``.</doc>
<msg timestamp="20241115 13:21:25.588" level="INFO">Opening url 'http://localhost:5001/login'</msg>
<status status="PASS" starttime="20241115 13:21:25.588" endtime="20241115 13:21:26.128"/>
</kw>
<status status="PASS" starttime="20241115 13:21:25.588" endtime="20241115 13:21:26.128"/>
</kw>
<status status="PASS" starttime="20241115 13:21:25.575" endtime="20241115 13:21:26.128"/>
</kw>
<kw name="Set Username">
<arg>kalle</arg>
<kw name="Input Text" library="SeleniumLibrary">
<arg>username</arg>
<arg>${username}</arg>
<doc>Types the given ``text`` into the text field identified by ``locator``.</doc>
<msg timestamp="20241115 13:21:26.131" level="INFO">Typing text 'kalle' into text field 'username'.</msg>
<status status="PASS" starttime="20241115 13:21:26.129" endtime="20241115 13:21:27.738"/>
</kw>
<status status="PASS" starttime="20241115 13:21:26.129" endtime="20241115 13:21:27.738"/>
</kw>
<kw name="Set Password">
<arg>kalle123</arg>
<kw name="Input Password" library="SeleniumLibrary">
<arg>password</arg>
<arg>${password}</arg>
<doc>Types the given password into the text field identified by ``locator``.</doc>
<msg timestamp="20241115 13:21:27.740" level="INFO">Typing password into text field 'password'.</msg>
<msg timestamp="20241115 13:21:28.789" level="INFO">Temporally setting log level to: NONE</msg>
<msg timestamp="20241115 13:21:29.346" level="INFO">Log level changed from NONE to INFO.</msg>
<status status="PASS" starttime="20241115 13:21:27.739" endtime="20241115 13:21:29.347"/>
</kw>
<status status="PASS" starttime="20241115 13:21:27.738" endtime="20241115 13:21:29.347"/>
</kw>
<kw name="Submit Credentials">
<kw name="Click Button" library="SeleniumLibrary">
<arg>Login</arg>
<doc>Clicks the button identified by ``locator``.</doc>
<msg timestamp="20241115 13:21:29.349" level="INFO">Clicking button 'Login'.</msg>
<status status="PASS" starttime="20241115 13:21:29.348" endtime="20241115 13:21:31.444"/>
</kw>
<status status="PASS" starttime="20241115 13:21:29.347" endtime="20241115 13:21:31.444"/>
</kw>
<kw name="Login Should Succeed">
<kw name="Main Page Should Be Open" library="resource">
<kw name="Title Should Be" library="SeleniumLibrary">
<arg>Ohtu Application main page</arg>
<doc>Verifies that the current page title equals ``title``.</doc>
<msg timestamp="20241115 13:21:31.957" level="INFO">Page title is 'Ohtu Application main page'.</msg>
<status status="PASS" starttime="20241115 13:21:31.446" endtime="20241115 13:21:31.958"/>
</kw>
<status status="PASS" starttime="20241115 13:21:31.445" endtime="20241115 13:21:31.958"/>
</kw>
<status status="PASS" starttime="20241115 13:21:31.445" endtime="20241115 13:21:31.958"/>
</kw>
<status status="PASS" starttime="20241115 13:21:25.575" endtime="20241115 13:21:31.958"/>
</test>
<test id="s1-s2-t2" name="Login With Incorrect Password" line="14">
<kw name="Reset Application Create User And Go To Login Page" type="SETUP">
<kw name="Reset Application" library="AppLibrary">
<status status="PASS" starttime="20241115 13:21:31.960" endtime="20241115 13:21:31.964"/>
</kw>
<kw name="Create User" library="AppLibrary">
<arg>kalle</arg>
<arg>kalle123</arg>
<status status="PASS" starttime="20241115 13:21:31.964" endtime="20241115 13:21:31.974"/>
</kw>
<kw name="Go To Login Page" library="resource">
<kw name="Go To" library="SeleniumLibrary">
<arg>${LOGIN_URL}</arg>
<doc>Navigates the current browser window to the provided ``url``.</doc>
<msg timestamp="20241115 13:21:31.976" level="INFO">Opening url 'http://localhost:5001/login'</msg>
<status status="PASS" starttime="20241115 13:21:31.975" endtime="20241115 13:21:32.502"/>
</kw>
<status status="PASS" starttime="20241115 13:21:31.975" endtime="20241115 13:21:32.503"/>
</kw>
<status status="PASS" starttime="20241115 13:21:31.960" endtime="20241115 13:21:32.503"/>
</kw>
<kw name="Set Username">
<arg>kalle</arg>
<kw name="Input Text" library="SeleniumLibrary">
<arg>username</arg>
<arg>${username}</arg>
<doc>Types the given ``text`` into the text field identified by ``locator``.</doc>
<msg timestamp="20241115 13:21:32.505" level="INFO">Typing text 'kalle' into text field 'username'.</msg>
<status status="PASS" starttime="20241115 13:21:32.504" endtime="20241115 13:21:34.083"/>
</kw>
<status status="PASS" starttime="20241115 13:21:32.503" endtime="20241115 13:21:34.084"/>
</kw>
<kw name="Set Password">
<arg>kalle456</arg>
<kw name="Input Password" library="SeleniumLibrary">
<arg>password</arg>
<arg>${password}</arg>
<doc>Types the given password into the text field identified by ``locator``.</doc>
<msg timestamp="20241115 13:21:34.086" level="INFO">Typing password into text field 'password'.</msg>
<msg timestamp="20241115 13:21:35.116" level="INFO">Temporally setting log level to: NONE</msg>
<msg timestamp="20241115 13:21:35.658" level="INFO">Log level changed from NONE to INFO.</msg>
<status status="PASS" starttime="20241115 13:21:34.085" endtime="20241115 13:21:35.659"/>
</kw>
<status status="PASS" starttime="20241115 13:21:34.084" endtime="20241115 13:21:35.659"/>
</kw>
<kw name="Submit Credentials">
<kw name="Click Button" library="SeleniumLibrary">
<arg>Login</arg>
<doc>Clicks the button identified by ``locator``.</doc>
<msg timestamp="20241115 13:21:35.661" level="INFO">Clicking button 'Login'.</msg>
<status status="PASS" starttime="20241115 13:21:35.660" endtime="20241115 13:21:37.728"/>
</kw>
<status status="PASS" starttime="20241115 13:21:35.659" endtime="20241115 13:21:37.728"/>
</kw>
<kw name="Login Should Fail With Message">
<arg>Invalid username or password</arg>
<kw name="Login Page Should Be Open" library="resource">
<kw name="Title Should Be" library="SeleniumLibrary">
<arg>Login</arg>
<doc>Verifies that the current page title equals ``title``.</doc>
<msg timestamp="20241115 13:21:38.238" level="INFO">Page title is 'Login'.</msg>
<status status="PASS" starttime="20241115 13:21:37.730" endtime="20241115 13:21:38.238"/>
</kw>
<status status="PASS" starttime="20241115 13:21:37.729" endtime="20241115 13:21:38.238"/>
</kw>
<kw name="Page Should Contain" library="SeleniumLibrary">
<arg>${message}</arg>
<doc>Verifies that current page contains ``text``.</doc>
<msg timestamp="20241115 13:21:39.266" level="INFO">Current page contains text 'Invalid username or password'.</msg>
<status status="PASS" starttime="20241115 13:21:38.238" endtime="20241115 13:21:39.266"/>
</kw>
<status status="PASS" starttime="20241115 13:21:37.728" endtime="20241115 13:21:39.267"/>
</kw>
<status status="PASS" starttime="20241115 13:21:31.959" endtime="20241115 13:21:39.267"/>
</test>
<test id="s1-s2-t3" name="Login With Nonexistent Username" line="20">
<kw name="Reset Application Create User And Go To Login Page" type="SETUP">
<kw name="Reset Application" library="AppLibrary">
<status status="PASS" starttime="20241115 13:21:39.269" endtime="20241115 13:21:39.274"/>
</kw>
<kw name="Create User" library="AppLibrary">
<arg>kalle</arg>
<arg>kalle123</arg>
<status status="PASS" starttime="20241115 13:21:39.274" endtime="20241115 13:21:39.280"/>
</kw>
<kw name="Go To Login Page" library="resource">
<kw name="Go To" library="SeleniumLibrary">
<arg>${LOGIN_URL}</arg>
<doc>Navigates the current browser window to the provided ``url``.</doc>
<msg timestamp="20241115 13:21:39.281" level="INFO">Opening url 'http://localhost:5001/login'</msg>
<status status="PASS" starttime="20241115 13:21:39.281" endtime="20241115 13:21:39.796"/>
</kw>
<status status="PASS" starttime="20241115 13:21:39.280" endtime="20241115 13:21:39.796"/>
</kw>
<status status="PASS" starttime="20241115 13:21:39.269" endtime="20241115 13:21:39.796"/>
</kw>
<kw name="Set Password">
<arg>kalle123</arg>
<kw name="Input Password" library="SeleniumLibrary">
<arg>password</arg>
<arg>${password}</arg>
<doc>Types the given password into the text field identified by ``locator``.</doc>
<msg timestamp="20241115 13:21:39.799" level="INFO">Typing password into text field 'password'.</msg>
<msg timestamp="20241115 13:21:40.853" level="INFO">Temporally setting log level to: NONE</msg>
<msg timestamp="20241115 13:21:41.413" level="INFO">Log level changed from NONE to INFO.</msg>
<status status="PASS" starttime="20241115 13:21:39.797" endtime="20241115 13:21:41.413"/>
</kw>
<status status="PASS" starttime="20241115 13:21:39.797" endtime="20241115 13:21:41.413"/>
</kw>
<kw name="Submit Credentials">
<kw name="Click Button" library="SeleniumLibrary">
<arg>Login</arg>
<doc>Clicks the button identified by ``locator``.</doc>
<msg timestamp="20241115 13:21:41.415" level="INFO">Clicking button 'Login'.</msg>
<status status="PASS" starttime="20241115 13:21:41.414" endtime="20241115 13:21:43.497"/>
</kw>
<status status="PASS" starttime="20241115 13:21:41.414" endtime="20241115 13:21:43.498"/>
</kw>
<kw name="Login Should Fail With Message">
<arg>Username and password are required</arg>
<kw name="Login Page Should Be Open" library="resource">
<kw name="Title Should Be" library="SeleniumLibrary">
<arg>Login</arg>
<doc>Verifies that the current page title equals ``title``.</doc>
<msg timestamp="20241115 13:21:44.009" level="INFO">Page title is 'Login'.</msg>
<status status="PASS" starttime="20241115 13:21:43.499" endtime="20241115 13:21:44.010"/>
</kw>
<status status="PASS" starttime="20241115 13:21:43.499" endtime="20241115 13:21:44.010"/>
</kw>
<kw name="Page Should Contain" library="SeleniumLibrary">
<arg>${message}</arg>
<doc>Verifies that current page contains ``text``.</doc>
<msg timestamp="20241115 13:21:45.036" level="INFO">Current page contains text 'Username and password are required'.</msg>
<status status="PASS" starttime="20241115 13:21:44.010" endtime="20241115 13:21:45.037"/>
</kw>
<status status="PASS" starttime="20241115 13:21:43.498" endtime="20241115 13:21:45.037"/>
</kw>
<status status="PASS" starttime="20241115 13:21:39.268" endtime="20241115 13:21:45.037"/>
</test>
<kw name="Close Browser" library="SeleniumLibrary" type="TEARDOWN">
<doc>Closes the current browser.</doc>
<status status="PASS" starttime="20241115 13:21:45.038" endtime="20241115 13:21:45.597"/>
</kw>
<status status="PASS" starttime="20241115 13:21:25.235" endtime="20241115 13:21:45.597"/>
</suite>
<suite id="s1-s3" name="Register" source="/home/madlehti/palautusrepositorio/viikko3/web-login/src/tests/register.robot">
<kw name="Open And Configure Browser" library="resource" type="SETUP">
<if>
<branch type="IF" condition="$BROWSER == 'chrome'">
<kw name="Evaluate" library="BuiltIn">
<var>${options}</var>
<arg>sys.modules['selenium.webdriver'].ChromeOptions()</arg>
<arg>sys</arg>
<doc>Evaluates the given expression in Python and returns the result.</doc>
<msg timestamp="20241115 13:21:45.604" level="INFO">${options} = &lt;selenium.webdriver.chrome.options.Options object at 0x7eff3398c8e0&gt;</msg>
<status status="PASS" starttime="20241115 13:21:45.604" endtime="20241115 13:21:45.604"/>
</kw>
<status status="PASS" starttime="20241115 13:21:45.604" endtime="20241115 13:21:45.604"/>
</branch>
<branch type="ELSE IF" condition="$BROWSER == 'firefox'">
<kw name="Evaluate" library="BuiltIn">
<var>${options}</var>
<arg>sys.modules['selenium.webdriver'].FirefoxOptions()</arg>
<arg>sys</arg>
<doc>Evaluates the given expression in Python and returns the result.</doc>
<status status="NOT RUN" starttime="20241115 13:21:45.604" endtime="20241115 13:21:45.604"/>
</kw>
<status status="NOT RUN" starttime="20241115 13:21:45.604" endtime="20241115 13:21:45.604"/>
</branch>
<status status="PASS" starttime="20241115 13:21:45.604" endtime="20241115 13:21:45.604"/>
</if>
<if>
<branch type="IF" condition="$HEADLESS == 'true'">
<kw name="Set Selenium Speed" library="SeleniumLibrary">
<arg>0</arg>
<doc>Sets the delay that is waited after each Selenium command.</doc>
<status status="NOT RUN" starttime="20241115 13:21:45.605" endtime="20241115 13:21:45.605"/>
</kw>
<kw name="Call Method" library="BuiltIn">
<arg>${options}</arg>
<arg>add_argument</arg>
<arg>--headless</arg>
<doc>Calls the named method of the given object with the provided arguments.</doc>
<status status="NOT RUN" starttime="20241115 13:21:45.605" endtime="20241115 13:21:45.605"/>
</kw>
<status status="NOT RUN" starttime="20241115 13:21:45.604" endtime="20241115 13:21:45.605"/>
</branch>
<branch type="ELSE">
<kw name="Set Selenium Speed" library="SeleniumLibrary">
<arg>${DELAY}</arg>
<doc>Sets the delay that is waited after each Selenium command.</doc>
<status status="PASS" starttime="20241115 13:21:45.605" endtime="20241115 13:21:45.605"/>
</kw>
<status status="PASS" starttime="20241115 13:21:45.605" endtime="20241115 13:21:45.605"/>
</branch>
<status status="PASS" starttime="20241115 13:21:45.604" endtime="20241115 13:21:45.605"/>
</if>
<kw name="Open Browser" library="SeleniumLibrary">
<arg>browser=${BROWSER}</arg>
<arg>options=${options}</arg>
<doc>Opens a new browser instance to the optional ``url``.</doc>
<msg timestamp="20241115 13:21:45.606" level="INFO">Opening browser 'chrome' to base url 'None'.</msg>
<msg timestamp="20241115 13:21:45.638" level="WARN">The chromedriver version (130.0.6723.91) detected in PATH at /usr/bin/chromedriver might not be compatible with the detected chrome version (131.0.6778.69); currently, chromedriver 131.0.6778.69 is recommended for chrome 131.*, so it is advised to delete the driver in PATH and retry</msg>
<status status="PASS" starttime="20241115 13:21:45.605" endtime="20241115 13:21:45.882"/>
</kw>
<status status="PASS" starttime="20241115 13:21:45.604" endtime="20241115 13:21:45.882"/>
</kw>
<test id="s1-s3-t1" name="Register With Valid Username And Password" line="9">
<kw name="Reset Application Create User And Go To Register Page" type="SETUP">
<kw name="Reset Application" library="AppLibrary">
<status status="PASS" starttime="20241115 13:21:45.883" endtime="20241115 13:21:45.885"/>
</kw>
<kw name="Create User" library="AppLibrary">
<arg>kalle</arg>
<arg>kalle123</arg>
<status status="PASS" starttime="20241115 13:21:45.885" endtime="20241115 13:21:45.890"/>
</kw>
<kw name="Go To Register Page" library="resource">
<kw name="Go To" library="SeleniumLibrary">
<arg>${REGISTER_URL}</arg>
<doc>Navigates the current browser window to the provided ``url``.</doc>
<msg timestamp="20241115 13:21:45.891" level="INFO">Opening url 'http://localhost:5001/register'</msg>
<status status="PASS" starttime="20241115 13:21:45.891" endtime="20241115 13:21:46.431"/>
</kw>
<status status="PASS" starttime="20241115 13:21:45.890" endtime="20241115 13:21:46.432"/>
</kw>
<status status="PASS" starttime="20241115 13:21:45.883" endtime="20241115 13:21:46.432"/>
</kw>
<kw name="Set Username">
<arg>mari</arg>
<kw name="Input Text" library="SeleniumLibrary">
<arg>username</arg>
<arg>${username}</arg>
<doc>Types the given ``text`` into the text field identified by ``locator``.</doc>
<msg timestamp="20241115 13:21:46.434" level="INFO">Typing text 'mari' into text field 'username'.</msg>
<status status="PASS" starttime="20241115 13:21:46.433" endtime="20241115 13:21:48.054"/>
</kw>
<status status="PASS" starttime="20241115 13:21:46.432" endtime="20241115 13:21:48.054"/>
</kw>
<kw name="Set Password">
<arg>mari1234</arg>
<kw name="Input Password" library="SeleniumLibrary">
<arg>password</arg>
<arg>${password}</arg>
<doc>Types the given password into the text field identified by ``locator``.</doc>
<msg timestamp="20241115 13:21:48.056" level="INFO">Typing password into text field 'password'.</msg>
<msg timestamp="20241115 13:21:49.116" level="INFO">Temporally setting log level to: NONE</msg>
<msg timestamp="20241115 13:21:49.679" level="INFO">Log level changed from NONE to INFO.</msg>
<status status="PASS" starttime="20241115 13:21:48.055" endtime="20241115 13:21:49.680"/>
</kw>
<status status="PASS" starttime="20241115 13:21:48.055" endtime="20241115 13:21:49.680"/>
</kw>
<kw name="Set Password Confirmation">
<arg>mari1234</arg>
<kw name="Input Password" library="SeleniumLibrary">
<arg>password_confirmation</arg>
<arg>${password_confirmation}</arg>
<doc>Types the given password into the text field identified by ``locator``.</doc>
<msg timestamp="20241115 13:21:49.682" level="INFO">Typing password into text field 'password_confirmation'.</msg>
<msg timestamp="20241115 13:21:50.726" level="INFO">Temporally setting log level to: NONE</msg>
<msg timestamp="20241115 13:21:51.270" level="INFO">Log level changed from NONE to INFO.</msg>
<status status="PASS" starttime="20241115 13:21:49.681" endtime="20241115 13:21:51.270"/>
</kw>
<status status="PASS" starttime="20241115 13:21:49.680" endtime="20241115 13:21:51.270"/>
</kw>
<kw name="Submit Information">
<kw name="Click Button" library="SeleniumLibrary">
<arg>Register</arg>
<doc>Clicks the button identified by ``locator``.</doc>
<msg timestamp="20241115 13:21:51.272" level="INFO">Clicking button 'Register'.</msg>
<status status="PASS" starttime="20241115 13:21:51.271" endtime="20241115 13:21:53.372"/>
</kw>
<status status="PASS" starttime="20241115 13:21:51.271" endtime="20241115 13:21:53.372"/>
</kw>
<kw name="Register Should Succeed">
<kw name="Welcome Page Should Be Open" library="resource">
<kw name="Title Should Be" library="SeleniumLibrary">
<arg>Welcome to Ohtu Application!</arg>
<doc>Verifies that the current page title equals ``title``.</doc>
<msg timestamp="20241115 13:21:53.884" level="INFO">Page title is 'Welcome to Ohtu Application!'.</msg>
<status status="PASS" starttime="20241115 13:21:53.374" endtime="20241115 13:21:53.884"/>
</kw>
<status status="PASS" starttime="20241115 13:21:53.373" endtime="20241115 13:21:53.884"/>
</kw>
<status status="PASS" starttime="20241115 13:21:53.372" endtime="20241115 13:21:53.884"/>
</kw>
<status status="PASS" starttime="20241115 13:21:45.882" endtime="20241115 13:21:53.885"/>
</test>
<test id="s1-s3-t2" name="Register With Too Short Username And Valid Password" line="18">
<kw name="Reset Application Create User And Go To Register Page" type="SETUP">
<kw name="Reset Application" library="AppLibrary">
<status status="PASS" starttime="20241115 13:21:53.887" endtime="20241115 13:21:53.890"/>
</kw>
<kw name="Create User" library="AppLibrary">
<arg>kalle</arg>
<arg>kalle123</arg>
<status status="PASS" starttime="20241115 13:21:53.890" endtime="20241115 13:21:53.900"/>
</kw>
<kw name="Go To Register Page" library="resource">
<kw name="Go To" library="SeleniumLibrary">
<arg>${REGISTER_URL}</arg>
<doc>Navigates the current browser window to the provided ``url``.</doc>
<msg timestamp="20241115 13:21:53.901" level="INFO">Opening url 'http://localhost:5001/register'</msg>
<status status="PASS" starttime="20241115 13:21:53.901" endtime="20241115 13:21:54.426"/>
</kw>
<status status="PASS" starttime="20241115 13:21:53.900" endtime="20241115 13:21:54.426"/>
</kw>
<status status="PASS" starttime="20241115 13:21:53.887" endtime="20241115 13:21:54.426"/>
</kw>
<kw name="Set Username">
<arg>ma</arg>
<kw name="Input Text" library="SeleniumLibrary">
<arg>username</arg>
<arg>${username}</arg>
<doc>Types the given ``text`` into the text field identified by ``locator``.</doc>
<msg timestamp="20241115 13:21:54.429" level="INFO">Typing text 'ma' into text field 'username'.</msg>
<status status="PASS" starttime="20241115 13:21:54.427" endtime="20241115 13:21:56.015"/>
</kw>
<status status="PASS" starttime="20241115 13:21:54.427" endtime="20241115 13:21:56.015"/>
</kw>
<kw name="Set Password">
<arg>mari1234</arg>
<kw name="Input Password" library="SeleniumLibrary">
<arg>password</arg>
<arg>${password}</arg>
<doc>Types the given password into the text field identified by ``locator``.</doc>
<msg timestamp="20241115 13:21:56.017" level="INFO">Typing password into text field 'password'.</msg>
<msg timestamp="20241115 13:21:57.061" level="INFO">Temporally setting log level to: NONE</msg>
<msg timestamp="20241115 13:21:57.608" level="INFO">Log level changed from NONE to INFO.</msg>
<status status="PASS" starttime="20241115 13:21:56.016" endtime="20241115 13:21:57.608"/>
</kw>
<status status="PASS" starttime="20241115 13:21:56.016" endtime="20241115 13:21:57.608"/>
</kw>
<kw name="Set Password Confirmation">
<arg>mari1234</arg>
<kw name="Input Password" library="SeleniumLibrary">
<arg>password_confirmation</arg>
<arg>${password_confirmation}</arg>
<doc>Types the given password into the text field identified by ``locator``.</doc>
<msg timestamp="20241115 13:21:57.610" level="INFO">Typing password into text field 'password_confirmation'.</msg>
<msg timestamp="20241115 13:21:58.656" level="INFO">Temporally setting log level to: NONE</msg>
<msg timestamp="20241115 13:21:59.191" level="INFO">Log level changed from NONE to INFO.</msg>
<status status="PASS" starttime="20241115 13:21:57.609" endtime="20241115 13:21:59.192"/>
</kw>
<status status="PASS" starttime="20241115 13:21:57.608" endtime="20241115 13:21:59.192"/>
</kw>
<kw name="Submit Information">
<kw name="Click Button" library="SeleniumLibrary">
<arg>Register</arg>
<doc>Clicks the button identified by ``locator``.</doc>
<msg timestamp="20241115 13:21:59.194" level="INFO">Clicking button 'Register'.</msg>
<status status="PASS" starttime="20241115 13:21:59.193" endtime="20241115 13:22:01.277"/>
</kw>
<status status="PASS" starttime="20241115 13:21:59.192" endtime="20241115 13:22:01.277"/>
</kw>
<kw name="Register Should Fail With Message">
<arg>Username should be 3 or more characters</arg>
<kw name="Register Page Should Be Open" library="resource">
<kw name="Title Should Be" library="SeleniumLibrary">
<arg>Register</arg>
<doc>Verifies that the current page title equals ``title``.</doc>
<msg timestamp="20241115 13:22:01.788" level="INFO">Page title is 'Register'.</msg>
<status status="PASS" starttime="20241115 13:22:01.279" endtime="20241115 13:22:01.788"/>
</kw>
<status status="PASS" starttime="20241115 13:22:01.279" endtime="20241115 13:22:01.788"/>
</kw>
<kw name="Page Should Contain" library="SeleniumLibrary">
<arg>${message}</arg>
<doc>Verifies that current page contains ``text``.</doc>
<msg timestamp="20241115 13:22:02.814" level="INFO">Current page contains text 'Username should be 3 or more characters'.</msg>
<status status="PASS" starttime="20241115 13:22:01.788" endtime="20241115 13:22:02.814"/>
</kw>
<status status="PASS" starttime="20241115 13:22:01.278" endtime="20241115 13:22:02.814"/>
</kw>
<status status="PASS" starttime="20241115 13:21:53.886" endtime="20241115 13:22:02.815"/>
</test>
<kw name="Close Browser" library="SeleniumLibrary" type="TEARDOWN">
<doc>Closes the current browser.</doc>
<status status="PASS" starttime="20241115 13:22:02.816" endtime="20241115 13:22:03.375"/>
</kw>
<status status="PASS" starttime="20241115 13:21:45.600" endtime="20241115 13:22:03.375"/>
</suite>
<status status="PASS" starttime="20241115 13:21:18.948" endtime="20241115 13:22:03.378"/>
</suite>
<statistics>
<total>
<stat pass="7" fail="0" skip="0">All Tests</stat>
</total>
<tag>
</tag>
<suite>
<stat pass="7" fail="0" skip="0" id="s1" name="Tests">Tests</stat>
<stat pass="2" fail="0" skip="0" id="s1-s1" name="Home">Tests.Home</stat>
<stat pass="3" fail="0" skip="0" id="s1-s2" name="Login">Tests.Login</stat>
<stat pass="2" fail="0" skip="0" id="s1-s3" name="Register">Tests.Register</stat>
</suite>
</statistics>
<errors>
<msg timestamp="20241115 13:21:19.131" level="WARN">The chromedriver version (130.0.6723.91) detected in PATH at /usr/bin/chromedriver might not be compatible with the detected chrome version (131.0.6778.69); currently, chromedriver 131.0.6778.69 is recommended for chrome 131.*, so it is advised to delete the driver in PATH and retry</msg>
<msg timestamp="20241115 13:21:25.287" level="WARN">The chromedriver version (130.0.6723.91) detected in PATH at /usr/bin/chromedriver might not be compatible with the detected chrome version (131.0.6778.69); currently, chromedriver 131.0.6778.69 is recommended for chrome 131.*, so it is advised to delete the driver in PATH and retry</msg>
<msg timestamp="20241115 13:21:45.638" level="WARN">The chromedriver version (130.0.6723.91) detected in PATH at /usr/bin/chromedriver might not be compatible with the detected chrome version (131.0.6778.69); currently, chromedriver 131.0.6778.69 is recommended for chrome 131.*, so it is advised to delete the driver in PATH and retry</msg>
</errors>
</robot>
